#ifndef __SYS_WERRNO_ERR
#define __SYS_WERRNO_ERR

/*
 * THIS FILE WAS GENERATED BY E:\NET\WATT\util\win32\bcc_err.exe at Wed May 23 17:04:22 2018.
 * DO NOT EDIT.
 *
 * Watt-32 errnos are after vendor's errnos (1 - 49)
 */

#ifndef __BORLANDC__
#error This file is only for use by "__BORLANDC__"
#endif

#define ERRNO_VENDOR_VERSION  "7.20"

#define EDOM              33
#define ERANGE            34
#define E2BIG             20
#define EACCES            5
#define EAGAIN            42
#define EBADF             6
#define EBUSY             44
#define ECHILD            24
#define EDEADLK           1015
#define EEXIST            35
#define EFAULT            14
#define EFBIG             27
#define EINTR             39
#define EINVAL            19
#define EIO               40
#define EISDIR            46
#define EMFILE            4
#define EMLINK            31
#define ENAMETOOLONG      48
#define ENFILE            23
#define ENODEV            15
#define ENOENT            2
#define ENOEXEC           21
#define ENOLCK            1044
#define ENOMEM            8
#define ENOSPC            28
#define ENOSYS            1052
#define ENOTDIR           45
#define ENOTEMPTY         49
#define ENOTTY            25
#define ENXIO             41
#define EPERM             37
#define EPIPE             32
#define EROFS             30
#define ESPIPE            29
#define ESRCH             38
#define EXDEV             22
#define ENMFILE           18
#define ELOOP             1030
#define EOVERFLOW         1063
#define EILSEQ            88
#define EWOULDBLOCK       1077
#define EINPROGRESS       1024
#define EALREADY          1006
#define ENOTSOCK          1057
#define EDESTADDRREQ      1016
#define EMSGSIZE          1033
#define EPROTOTYPE        1069
#define ENOPROTOOPT       1048
#define EPROTONOSUPPORT   1068
#define ESOCKTNOSUPPORT   50
#define EOPNOTSUPP        1061
#define EPFNOSUPPORT      51
#define EAFNOSUPPORT      1004
#define EADDRINUSE        1002
#define EADDRNOTAVAIL     1003
#define ENETDOWN          1035
#define ENETUNREACH       1037
#define ENETRESET         1036
#define ECONNABORTED      1012
#define ECONNRESET        1014
#define ENOBUFS           1039
#define EISCONN           1028
#define ENOTCONN          1053
#define ESHUTDOWN         52
#define ETIMEDOUT         1075
#define ECONNREFUSED      1013
#define EHOSTDOWN         53
#define EHOSTUNREACH      1021
#define ESTALE            54
#define EREMOTE           55
#define EBADRPC           56
#define ERPCMISMATCH      57
#define EPROGUNAVAIL      58
#define EPROGMISMATCH     59
#define EPROCUNAVAIL      60
#define EINVFNC           1
#define ENOPATH           3
#define ECONTR            7
#define EINVMEM           9
#define EINVENV           10
#define EINVFMT           11
#define EINVACC           12
#define EINVDAT           13
#define EDEADLOCK         36
#define ECURDIR           16
#define ENOTSAM           17
#define ETXTBSY           26
#define ENOTBLK           43
#define EUCLEAN           47
#define ETOOMANYREFS      61
#define EPROCLIM          62
#define EUSERS            63
#define EDQUOT            64
#define EVDBAD            65
#define ENORMTWD          66

#endif /* __SYS_WERRNO_ERR */
