#ifndef __SYS_WERRNO_ERR
#define __SYS_WERRNO_ERR

/*
 * THIS FILE WAS GENERATED BY ..\util\clang_err at Sun May  6 19:47:52 2018.
 * DO NOT EDIT.
 *
 * Watt-32 errnos are after vendor's errnos (1 - 42)
 */

#ifndef __clang__
#error This file is only for use by "__clang__"
#endif

#define ERRNO_VENDOR_VERSION  "3.9"

#define EDOM              33
#define ERANGE            34
#define E2BIG             7
#define EACCES            13
#define EAGAIN            11
#define EBADF             9
#define EBUSY             16
#define ECHILD            10
#define EDEADLK           36
#define EEXIST            17
#define EFAULT            14
#define EFBIG             27
#define EINTR             4
#define EINVAL            22
#define EIO               5
#define EISDIR            21
#define EMFILE            24
#define EMLINK            31
#define ENAMETOOLONG      38
#define ENFILE            23
#define ENODEV            19
#define ENOENT            2
#define ENOEXEC           8
#define ENOLCK            39
#define ENOMEM            12
#define ENOSPC            28
#define ENOSYS            40
#define ENOTDIR           20
#define ENOTEMPTY         41
#define ENOTTY            25
#define ENXIO             6
#define EPERM             1
#define EPIPE             32
#define EROFS             30
#define ESPIPE            29
#define ESRCH             3
#define EXDEV             18
#define ENMFILE           43
#define ELOOP             114
#define EOVERFLOW         132
#define EILSEQ            42
#define EWOULDBLOCK       140
#define EINPROGRESS       112
#define EALREADY          103
#define ENOTSOCK          128
#define EDESTADDRREQ      109
#define EMSGSIZE          115
#define EPROTOTYPE        136
#define ENOPROTOOPT       123
#define EPROTONOSUPPORT   135
#define ESOCKTNOSUPPORT   44
#define EOPNOTSUPP        130
#define EPFNOSUPPORT      45
#define EAFNOSUPPORT      102
#define EADDRINUSE        100
#define EADDRNOTAVAIL     101
#define ENETDOWN          116
#define ENETUNREACH       118
#define ENETRESET         117
#define ECONNABORTED      106
#define ECONNRESET        108
#define ENOBUFS           119
#define EISCONN           113
#define ENOTCONN          126
#define ESHUTDOWN         46
#define ETIMEDOUT         138
#define ECONNREFUSED      107
#define EHOSTDOWN         47
#define EHOSTUNREACH      110
#define ESTALE            48
#define EREMOTE           49
#define EBADRPC           50
#define ERPCMISMATCH      51
#define EPROGUNAVAIL      52
#define EPROGMISMATCH     53
#define EPROCUNAVAIL      54
#define EINVFNC           55
#define ENOPATH           56
#define ECONTR            57
#define EINVMEM           58
#define EINVENV           59
#define EINVFMT           60
#define EINVACC           61
#define EINVDAT           62
#define EDEADLOCK         36
#define ECURDIR           63
#define ENOTSAM           64
#define ETXTBSY           139
#define ENOTBLK           65
#define EUCLEAN           66
#define ETOOMANYREFS      67
#define EPROCLIM          68
#define EUSERS            69
#define EDQUOT            70
#define EVDBAD            71
#define ENORMTWD          72

#endif /* __SYS_WERRNO_ERR */
