#ifndef __SYS_WERRNO_ERR
#define __SYS_WERRNO_ERR

/*
 * THIS FILE WAS GENERATED BY ..\util\win32\dj_err.exe at Sun May 06 20:18:17 2018.
 * DO NOT EDIT.
 *
 * Watt-32 errnos are after vendor's errnos (1 - 42)
 */

#ifndef __DJGPP__
#error This file is only for use by "__DJGPP__"
#endif

#define ERRNO_VENDOR_VERSION  "2.05"

#define EDOM              1
#define ERANGE            2
#define E2BIG             3
#define EACCES            4
#define EAGAIN            5
#define EBADF             6
#define EBUSY             7
#define ECHILD            8
#define EDEADLK           9
#define EEXIST            10
#define EFAULT            11
#define EFBIG             12
#define EINTR             13
#define EINVAL            14
#define EIO               15
#define EISDIR            16
#define EMFILE            17
#define EMLINK            18
#define ENAMETOOLONG      19
#define ENFILE            20
#define ENODEV            21
#define ENOENT            22
#define ENOEXEC           23
#define ENOLCK            24
#define ENOMEM            25
#define ENOSPC            26
#define ENOSYS            27
#define ENOTDIR           28
#define ENOTEMPTY         29
#define ENOTTY            30
#define ENXIO             31
#define EPERM             32
#define EPIPE             33
#define EROFS             34
#define ESPIPE            35
#define ESRCH             36
#define EXDEV             37
#define ENMFILE           38
#define ELOOP             39
#define EOVERFLOW         40
#define EILSEQ            41
#define EWOULDBLOCK       43
#define EINPROGRESS       44
#define EALREADY          45
#define ENOTSOCK          46
#define EDESTADDRREQ      47
#define EMSGSIZE          48
#define EPROTOTYPE        49
#define ENOPROTOOPT       50
#define EPROTONOSUPPORT   51
#define ESOCKTNOSUPPORT   52
#define EOPNOTSUPP        53
#define EPFNOSUPPORT      54
#define EAFNOSUPPORT      55
#define EADDRINUSE        56
#define EADDRNOTAVAIL     57
#define ENETDOWN          58
#define ENETUNREACH       59
#define ENETRESET         60
#define ECONNABORTED      61
#define ECONNRESET        62
#define ENOBUFS           63
#define EISCONN           64
#define ENOTCONN          65
#define ESHUTDOWN         66
#define ETIMEDOUT         67
#define ECONNREFUSED      68
#define EHOSTDOWN         69
#define EHOSTUNREACH      70
#define ESTALE            71
#define EREMOTE           72
#define EBADRPC           73
#define ERPCMISMATCH      74
#define EPROGUNAVAIL      75
#define EPROGMISMATCH     76
#define EPROCUNAVAIL      77
#define EINVFNC           78
#define ENOPATH           79
#define ECONTR            80
#define EINVMEM           81
#define EINVENV           82
#define EINVFMT           83
#define EINVACC           84
#define EINVDAT           85
#define EDEADLOCK         86
#define ECURDIR           87
#define ENOTSAM           88
#define ETXTBSY           89
#define ENOTBLK           90
#define EUCLEAN           91
#define ETOOMANYREFS      92
#define EPROCLIM          93
#define EUSERS            94
#define EDQUOT            95
#define EVDBAD            96
#define ENORMTWD          97

#endif /* __SYS_WERRNO_ERR */
