#ifndef __SYS_WERRNO_ERR
#define __SYS_WERRNO_ERR

/*
 * THIS FILE WAS GENERATED BY ..\util\po_err at Tue Oct  6 13:43:25 2015.
 * DO NOT EDIT.
 *
 * Watt-32 errnos are after vendor's errnos (1 - 41)
 */

#ifndef __POCC__
#error This file is only for use by "__POCC__"
#endif

#define ERRNO_VENDOR_VERSION  "8.0"

#define EDOM              33
#define ERANGE            34
#define E2BIG             7
#define EACCES            13
#define EAGAIN            11
#define EBADF             9
#define EBUSY             16
#define ECHILD            10
#define EDEADLK           36
#define EEXIST            17
#define EFAULT            14
#define EFBIG             27
#define EINTR             4
#define EINVAL            22
#define EIO               5
#define EISDIR            21
#define EMFILE            24
#define EMLINK            31
#define ENAMETOOLONG      38
#define ENFILE            23
#define ENODEV            19
#define ENOENT            2
#define ENOEXEC           8
#define ENOLCK            39
#define ENOMEM            12
#define ENOSPC            28
#define ENOSYS            40
#define ENOTDIR           20
#define ENOTEMPTY         41
#define ENOTTY            25
#define ENXIO             6
#define EPERM             1
#define EPIPE             32
#define EROFS             30
#define ESPIPE            29
#define ESRCH             3
#define EXDEV             18
#define ENMFILE           42
#define ELOOP             43
#define EOVERFLOW         44
#define EILSEQ            42
#define EWOULDBLOCK       45
#define EINPROGRESS       46
#define EALREADY          47
#define ENOTSOCK          48
#define EDESTADDRREQ      49
#define EMSGSIZE          50
#define EPROTOTYPE        51
#define ENOPROTOOPT       52
#define EPROTONOSUPPORT   53
#define ESOCKTNOSUPPORT   54
#define EOPNOTSUPP        55
#define EPFNOSUPPORT      56
#define EAFNOSUPPORT      57
#define EADDRINUSE        58
#define EADDRNOTAVAIL     59
#define ENETDOWN          60
#define ENETUNREACH       61
#define ENETRESET         62
#define ECONNABORTED      63
#define ECONNRESET        64
#define ENOBUFS           65
#define EISCONN           66
#define ENOTCONN          67
#define ESHUTDOWN         68
#define ETIMEDOUT         69
#define ECONNREFUSED      70
#define EHOSTDOWN         71
#define EHOSTUNREACH      72
#define ESTALE            73
#define EREMOTE           74
#define EBADRPC           75
#define ERPCMISMATCH      76
#define EPROGUNAVAIL      77
#define EPROGMISMATCH     78
#define EPROCUNAVAIL      79
#define EINVFNC           80
#define ENOPATH           81
#define ECONTR            82
#define EINVMEM           83
#define EINVENV           84
#define EINVFMT           85
#define EINVACC           86
#define EINVDAT           87
#define EDEADLOCK         88
#define ECURDIR           89
#define ENOTSAM           90
#define ETXTBSY           91
#define ENOTBLK           92
#define EUCLEAN           93
#define ETOOMANYREFS      94
#define EPROCLIM          95
#define EUSERS            96
#define EDQUOT            97
#define EVDBAD            98
#define ENORMTWD          99

#endif /* __SYS_WERRNO_ERR */
