#ifndef __SYS_WERRNO_ERR
#define __SYS_WERRNO_ERR

/*
 * THIS FILE WAS GENERATED BY C:\NET\WATT\UTIL\WC_ERR.EXE at Sat Jul 28 11:11:50 2018.
 * DO NOT EDIT.
 *
 * Watt-32 errnos are after vendor's errnos (1 - 41)
 */

#ifndef __WATCOMC__
#error This file is only for use by "__WATCOMC__"
#endif

#define ERRNO_VENDOR_VERSION  "12.90"

#define EDOM              13
#define ERANGE            14
#define E2BIG             2
#define EACCES            6
#define EAGAIN            18
#define EBADF             4
#define EBUSY             19
#define ECHILD            17
#define EDEADLK           15
#define EEXIST            7
#define EFAULT            34
#define EFBIG             20
#define EINTR             16
#define EINVAL            9
#define EIO               21
#define EISDIR            22
#define EMFILE            11
#define EMLINK            24
#define ENAMETOOLONG      35
#define ENFILE            10
#define ENODEV            36
#define ENOENT            1
#define ENOEXEC           3
#define ENOLCK            37
#define ENOMEM            5
#define ENOSPC            12
#define ENOSYS            38
#define ENOTDIR           23
#define ENOTEMPTY         39
#define ENOTTY            26
#define ENXIO             27
#define EPERM             28
#define EPIPE             29
#define EROFS             30
#define ESPIPE            31
#define ESRCH             32
#define EXDEV             8
#define ENMFILE           42
#define ELOOP             43
#define EOVERFLOW         44
#define EILSEQ            40
#define EWOULDBLOCK       45
#define EINPROGRESS       46
#define EALREADY          47
#define ENOTSOCK          48
#define EDESTADDRREQ      49
#define EMSGSIZE          50
#define EPROTOTYPE        51
#define ENOPROTOOPT       52
#define EPROTONOSUPPORT   53
#define ESOCKTNOSUPPORT   54
#define EOPNOTSUPP        55
#define EPFNOSUPPORT      56
#define EAFNOSUPPORT      57
#define EADDRINUSE        58
#define EADDRNOTAVAIL     59
#define ENETDOWN          60
#define ENETUNREACH       61
#define ENETRESET         62
#define ECONNABORTED      63
#define ECONNRESET        64
#define ENOBUFS           65
#define EISCONN           66
#define ENOTCONN          67
#define ESHUTDOWN         68
#define ETIMEDOUT         69
#define ECONNREFUSED      70
#define EHOSTDOWN         71
#define EHOSTUNREACH      72
#define ESTALE            73
#define EREMOTE           74
#define EBADRPC           75
#define ERPCMISMATCH      76
#define EPROGUNAVAIL      77
#define EPROGMISMATCH     78
#define EPROCUNAVAIL      79
#define EINVFNC           80
#define ENOPATH           81
#define ECONTR            82
#define EINVMEM           83
#define EINVENV           84
#define EINVFMT           85
#define EINVACC           86
#define EINVDAT           87
#define EDEADLOCK         15
#define ECURDIR           88
#define ENOTSAM           89
#define ETXTBSY           33
#define ENOTBLK           25
#define EUCLEAN           90
#define ETOOMANYREFS      91
#define EPROCLIM          92
#define EUSERS            93
#define EDQUOT            94
#define EVDBAD            95
#define ENORMTWD          96

#endif /* __SYS_WERRNO_ERR */
